Added Component: Designator=FNRTOMC(HDR2)
Add component. Clean all parameters for all variants
Add component (AddParameter): Name = "LatestRevisionDate"; Value = "17-Jul-2002"; VariantName = "[No Variations]"
Add component (AddParameter): Name = "LatestRevisionNote"; Value = "Re-released for DXP Platform."; VariantName = "[No Variations]"
Add component (AddParameter): Name = "Publisher"; Value = "Altium Limited"; VariantName = "[No Variations]"
Added Component: Designator=P11(HDR3)
Add component. Clean all parameters for all variants
Add component (AddParameter): Name = "LatestRevisionDate"; Value = "17-Jul-2002"; VariantName = "[No Variations]"
Add component (AddParameter): Name = "LatestRevisionNote"; Value = "Re-released for DXP Platform."; VariantName = "[No Variations]"
Add component (AddParameter): Name = "Publisher"; Value = "Altium Limited"; VariantName = "[No Variations]"
Added Component: Designator=P12(HDR3)
Add component. Clean all parameters for all variants
Add component (AddParameter): Name = "LatestRevisionDate"; Value = "17-Jul-2002"; VariantName = "[No Variations]"
Add component (AddParameter): Name = "LatestRevisionNote"; Value = "Re-released for DXP Platform."; VariantName = "[No Variations]"
Add component (AddParameter): Name = "Publisher"; Value = "Altium Limited"; VariantName = "[No Variations]"
Added Component: Designator=P13(HDR3)
Add component. Clean all parameters for all variants
Add component (AddParameter): Name = "LatestRevisionDate"; Value = "17-Jul-2002"; VariantName = "[No Variations]"
Add component (AddParameter): Name = "LatestRevisionNote"; Value = "Re-released for DXP Platform."; VariantName = "[No Variations]"
Add component (AddParameter): Name = "Publisher"; Value = "Altium Limited"; VariantName = "[No Variations]"
Added Component: Designator=P14(HDR3)
Add component. Clean all parameters for all variants
Add component (AddParameter): Name = "LatestRevisionDate"; Value = "17-Jul-2002"; VariantName = "[No Variations]"
Add component (AddParameter): Name = "LatestRevisionNote"; Value = "Re-released for DXP Platform."; VariantName = "[No Variations]"
Add component (AddParameter): Name = "Publisher"; Value = "Altium Limited"; VariantName = "[No Variations]"
Added Component: Designator=P15(HDR3)
Add component. Clean all parameters for all variants
Add component (AddParameter): Name = "LatestRevisionDate"; Value = "17-Jul-2002"; VariantName = "[No Variations]"
Add component (AddParameter): Name = "LatestRevisionNote"; Value = "Re-released for DXP Platform."; VariantName = "[No Variations]"
Add component (AddParameter): Name = "Publisher"; Value = "Altium Limited"; VariantName = "[No Variations]"
Added Component: Designator=P16(HDR3)
Add component. Clean all parameters for all variants
Add component (AddParameter): Name = "LatestRevisionDate"; Value = "17-Jul-2002"; VariantName = "[No Variations]"
Add component (AddParameter): Name = "LatestRevisionNote"; Value = "Re-released for DXP Platform."; VariantName = "[No Variations]"
Add component (AddParameter): Name = "Publisher"; Value = "Altium Limited"; VariantName = "[No Variations]"
Added Component: Designator=P17(HDR3)
Add component. Clean all parameters for all variants
Add component (AddParameter): Name = "LatestRevisionDate"; Value = "17-Jul-2002"; VariantName = "[No Variations]"
Add component (AddParameter): Name = "LatestRevisionNote"; Value = "Re-released for DXP Platform."; VariantName = "[No Variations]"
Add component (AddParameter): Name = "Publisher"; Value = "Altium Limited"; VariantName = "[No Variations]"
Added Component: Designator=P18(HDR3)
Add component. Clean all parameters for all variants
Add component (AddParameter): Name = "LatestRevisionDate"; Value = "17-Jul-2002"; VariantName = "[No Variations]"
Add component (AddParameter): Name = "LatestRevisionNote"; Value = "Re-released for DXP Platform."; VariantName = "[No Variations]"
Add component (AddParameter): Name = "Publisher"; Value = "Altium Limited"; VariantName = "[No Variations]"
Added Component: Designator=P19(HDR3)
Add component. Clean all parameters for all variants
Add component (AddParameter): Name = "LatestRevisionDate"; Value = "17-Jul-2002"; VariantName = "[No Variations]"
Add component (AddParameter): Name = "LatestRevisionNote"; Value = "Re-released for DXP Platform."; VariantName = "[No Variations]"
Add component (AddParameter): Name = "Publisher"; Value = "Altium Limited"; VariantName = "[No Variations]"
Added Component: Designator=P21(HDR4)
Add component. Clean all parameters for all variants
Add component (AddParameter): Name = "LatestRevisionDate"; Value = "17-Jul-2002"; VariantName = "[No Variations]"
Add component (AddParameter): Name = "LatestRevisionNote"; Value = "Re-released for DXP Platform."; VariantName = "[No Variations]"
Add component (AddParameter): Name = "Publisher"; Value = "Altium Limited"; VariantName = "[No Variations]"
Added Component: Designator=P22(HDR3)
Add component. Clean all parameters for all variants
Add component (AddParameter): Name = "LatestRevisionDate"; Value = "17-Jul-2002"; VariantName = "[No Variations]"
Add component (AddParameter): Name = "LatestRevisionNote"; Value = "Re-released for DXP Platform."; VariantName = "[No Variations]"
Add component (AddParameter): Name = "Publisher"; Value = "Altium Limited"; VariantName = "[No Variations]"
Added Component: Designator=P110(HDR3)
Add component. Clean all parameters for all variants
Add component (AddParameter): Name = "LatestRevisionDate"; Value = "17-Jul-2002"; VariantName = "[No Variations]"
Add component (AddParameter): Name = "LatestRevisionNote"; Value = "Re-released for DXP Platform."; VariantName = "[No Variations]"
Add component (AddParameter): Name = "Publisher"; Value = "Altium Limited"; VariantName = "[No Variations]"
Added Component: Designator=P(HDR14)
Add component. Clean all parameters for all variants
Add component (AddParameter): Name = "LatestRevisionDate"; Value = "17-Jul-2002"; VariantName = "[No Variations]"
Add component (AddParameter): Name = "LatestRevisionNote"; Value = "Re-released for DXP Platform."; VariantName = "[No Variations]"
Add component (AddParameter): Name = "Publisher"; Value = "Altium Limited"; VariantName = "[No Variations]"
Added Component: Designator=R11(EENPOOL)
Add component. Clean all parameters for all variants
Added Component: Designator=R12(EENPOOL)
Add component. Clean all parameters for all variants
Added Component: Designator=R13(EENPOOL)
Add component. Clean all parameters for all variants
Added Component: Designator=R14(EENPOOL)
Add component. Clean all parameters for all variants
Added Component: Designator=R15(EENPOOL)
Add component. Clean all parameters for all variants
Added Component: Designator=R16(EENPOOL)
Add component. Clean all parameters for all variants
Added Component: Designator=R17(EENPOOL)
Add component. Clean all parameters for all variants
Added Component: Designator=R18(EENPOOL)
Add component. Clean all parameters for all variants
Added Component: Designator=R19(EENPOOL)
Add component. Clean all parameters for all variants
Added Component: Designator=R21(TWEEPOOL)
Add component. Clean all parameters for all variants
Added Component: Designator=R22(TWEEPOOL)
Add component. Clean all parameters for all variants
Added Component: Designator=R110(EENPOOL)
Add component. Clean all parameters for all variants
Added Component: Designator=R111(EENPOOL)
Add component. Clean all parameters for all variants
Added Pin To Net: NetName=NetFNRTOMC_1 Pin=FNRTOMC-1
Added Pin To Net: NetName=NetFNRTOMC_2 Pin=FNRTOMC-2
Added Pin To Net: NetName=NetP11_1 Pin=P11-1
Added Pin To Net: NetName=NetP11_2 Pin=P11-2
Added Pin To Net: NetName=NetP11_3 Pin=P11-3
Added Pin To Net: NetName=NetP12_1 Pin=P12-1
Added Pin To Net: NetName=NetP12_2 Pin=P12-2
Added Pin To Net: NetName=NetP12_3 Pin=P12-3
Added Pin To Net: NetName=NetP13_1 Pin=P13-1
Added Pin To Net: NetName=NetP13_2 Pin=P13-2
Added Pin To Net: NetName=NetP13_3 Pin=P13-3
Added Pin To Net: NetName=NetP14_1 Pin=P14-1
Added Pin To Net: NetName=NetP14_2 Pin=P14-2
Added Pin To Net: NetName=NetP14_3 Pin=P14-3
Added Pin To Net: NetName=NetP15_1 Pin=P15-1
Added Pin To Net: NetName=NetP15_2 Pin=P15-2
Added Pin To Net: NetName=NetP15_3 Pin=P15-3
Added Pin To Net: NetName=NetP16_1 Pin=P16-1
Added Pin To Net: NetName=NetP16_2 Pin=P16-2
Added Pin To Net: NetName=NetP16_3 Pin=P16-3
Added Pin To Net: NetName=NetP17_1 Pin=P17-1
Added Pin To Net: NetName=NetP17_2 Pin=P17-2
Added Pin To Net: NetName=NetP17_3 Pin=P17-3
Added Pin To Net: NetName=NetP18_1 Pin=P18-1
Added Pin To Net: NetName=NetP18_2 Pin=P18-2
Added Pin To Net: NetName=NetP18_3 Pin=P18-3
Added Pin To Net: NetName=NetP19_1 Pin=P19-1
Added Pin To Net: NetName=NetP19_2 Pin=P19-2
Added Pin To Net: NetName=NetP19_3 Pin=P19-3
Added Pin To Net: NetName=NetP21_1 Pin=P21-1
Added Pin To Net: NetName=NetP21_2 Pin=P21-2
Added Pin To Net: NetName=NetP21_3 Pin=P21-3
Added Pin To Net: NetName=NetP21_4 Pin=P21-4
Added Pin To Net: NetName=NetP22_1 Pin=P22-1
Added Pin To Net: NetName=NetP22_2 Pin=P22-2
Added Pin To Net: NetName=NetP22_3 Pin=P22-3
Added Pin To Net: NetName=NetP110_1 Pin=P110-1
Added Pin To Net: NetName=NetP110_2 Pin=P110-2
Added Pin To Net: NetName=NetP110_3 Pin=P110-3
Added Pin To Net: NetName=NetP_1 Pin=P-1
Added Pin To Net: NetName=NetP_2 Pin=P-2
Added Pin To Net: NetName=NetP_3 Pin=P-3
Added Pin To Net: NetName=NetP_4 Pin=P-4
Added Pin To Net: NetName=NetP_5 Pin=P-5
Added Pin To Net: NetName=NetP_6 Pin=P-6
Added Pin To Net: NetName=NetP_7 Pin=P-7
Added Pin To Net: NetName=NetP_8 Pin=P-8
Added Pin To Net: NetName=NetP_9 Pin=P-9
Added Pin To Net: NetName=NetP_10 Pin=P-10
Added Pin To Net: NetName=NetP_11 Pin=P-11
Added Pin To Net: NetName=NetP_12 Pin=P-12
Added Pin To Net: NetName=NetP_13 Pin=P-13
Added Pin To Net: NetName=NetP_14 Pin=P-14
Added Pin To Net: NetName=NetP_3 Pin=R11-1
Added Pin To Net: NetName=NetP_1 Pin=R11-2
Added Pin To Net: NetName=NetP11_3 Pin=R11-3
Added Pin To Net: NetName=NetP11_2 Pin=R11-4
Added Pin To Net: NetName=NetP11_1 Pin=R11-5
Added Pin To Net: NetName=NetP_2 Pin=R12-1
Added Pin To Net: NetName=NetP_1 Pin=R12-2
Added Pin To Net: NetName=NetP12_3 Pin=R12-3
Added Pin To Net: NetName=NetP12_2 Pin=R12-4
Added Pin To Net: NetName=NetP12_1 Pin=R12-5
Added Pin To Net: NetName=NetP_4 Pin=R13-1
Added Pin To Net: NetName=NetP_1 Pin=R13-2
Added Pin To Net: NetName=NetP13_3 Pin=R13-3
Added Pin To Net: NetName=NetP13_2 Pin=R13-4
Added Pin To Net: NetName=NetP13_1 Pin=R13-5
Added Pin To Net: NetName=NetP_5 Pin=R14-1
Added Pin To Net: NetName=NetP_1 Pin=R14-2
Added Pin To Net: NetName=NetP14_3 Pin=R14-3
Added Pin To Net: NetName=NetP14_2 Pin=R14-4
Added Pin To Net: NetName=NetP14_1 Pin=R14-5
Added Pin To Net: NetName=NetP_9 Pin=R15-1
Added Pin To Net: NetName=NetP_1 Pin=R15-2
Added Pin To Net: NetName=NetP15_3 Pin=R15-3
Added Pin To Net: NetName=NetP15_2 Pin=R15-4
Added Pin To Net: NetName=NetP15_1 Pin=R15-5
Added Pin To Net: NetName=NetP_10 Pin=R16-1
Added Pin To Net: NetName=NetP_1 Pin=R16-2
Added Pin To Net: NetName=NetP16_3 Pin=R16-3
Added Pin To Net: NetName=NetP16_2 Pin=R16-4
Added Pin To Net: NetName=NetP16_1 Pin=R16-5
Added Pin To Net: NetName=NetP_11 Pin=R17-1
Added Pin To Net: NetName=NetP_1 Pin=R17-2
Added Pin To Net: NetName=NetP17_3 Pin=R17-3
Added Pin To Net: NetName=NetP17_2 Pin=R17-4
Added Pin To Net: NetName=NetP17_1 Pin=R17-5
Added Pin To Net: NetName=NetP_12 Pin=R18-1
Added Pin To Net: NetName=NetP_1 Pin=R18-2
Added Pin To Net: NetName=NetP18_3 Pin=R18-3
Added Pin To Net: NetName=NetP18_2 Pin=R18-4
Added Pin To Net: NetName=NetP18_1 Pin=R18-5
Added Pin To Net: NetName=NetP_13 Pin=R19-1
Added Pin To Net: NetName=NetP_1 Pin=R19-2
Added Pin To Net: NetName=NetP19_3 Pin=R19-3
Added Pin To Net: NetName=NetP19_2 Pin=R19-4
Added Pin To Net: NetName=NetP19_1 Pin=R19-5
Added Pin To Net: NetName=NetP_6 Pin=R21-1
Added Pin To Net: NetName=NetP_1 Pin=R21-2
Added Pin To Net: NetName=NetR21_3 Pin=R21-3
Added Pin To Net: NetName=NetP21_4 Pin=R21-4
Added Pin To Net: NetName=NetP21_3 Pin=R21-5
Added Pin To Net: NetName=NetR21_3 Pin=R21-6
Added Pin To Net: NetName=NetP21_2 Pin=R21-7
Added Pin To Net: NetName=NetP21_1 Pin=R21-8
Added Pin To Net: NetName=NetP_7 Pin=R22-1
Added Pin To Net: NetName=NetP_1 Pin=R22-2
Added Pin To Net: NetName=NetFNRTOMC_1 Pin=R22-3
Added Pin To Net: NetName=NetP22_3 Pin=R22-4
Added Pin To Net: NetName=NetR22_5 Pin=R22-5
Added Pin To Net: NetName=NetFNRTOMC_2 Pin=R22-6
Added Pin To Net: NetName=NetP22_2 Pin=R22-7
Added Pin To Net: NetName=NetP22_1 Pin=R22-8
Added Pin To Net: NetName=NetP_14 Pin=R110-1
Added Pin To Net: NetName=NetP_1 Pin=R110-2
Added Pin To Net: NetName=NetP110_3 Pin=R110-3
Added Pin To Net: NetName=NetP110_2 Pin=R110-4
Added Pin To Net: NetName=NetP110_1 Pin=R110-5
Added Pin To Net: NetName=NetP_8 Pin=R111-1
Added Pin To Net: NetName=NetP_1 Pin=R111-2
Added Pin To Net: NetName=NetR22_5 Pin=R111-3
Added Pin To Net: NetName=NetFNRTOMC_2 Pin=R111-4
Added Pin To Net: NetName=NetFNRTOMC_1 Pin=R111-5
Added Member To Class: ClassName=ElekShemaRelais Member=Component FNRTOMC Header 2
Added Member To Class: ClassName=ElekShemaRelais Member=Component P11 Header 3
Added Member To Class: ClassName=ElekShemaRelais Member=Component P12 Header 3
Added Member To Class: ClassName=ElekShemaRelais Member=Component P13 Header 3
Added Member To Class: ClassName=ElekShemaRelais Member=Component P14 Header 3
Added Member To Class: ClassName=ElekShemaRelais Member=Component P15 Header 3
Added Member To Class: ClassName=ElekShemaRelais Member=Component P16 Header 3
Added Member To Class: ClassName=ElekShemaRelais Member=Component P17 Header 3
Added Member To Class: ClassName=ElekShemaRelais Member=Component P18 Header 3
Added Member To Class: ClassName=ElekShemaRelais Member=Component P19 Header 3
Added Member To Class: ClassName=ElekShemaRelais Member=Component P21 Header 4
Added Member To Class: ClassName=ElekShemaRelais Member=Component P22 Header 3
Added Member To Class: ClassName=ElekShemaRelais Member=Component P110 Header 3
Added Member To Class: ClassName=ElekShemaRelais Member=Component P MHDR1X14
Added Member To Class: ClassName=ElekShemaRelais Member=Component R11 OnePR
Added Member To Class: ClassName=ElekShemaRelais Member=Component R12 OnePR
Added Member To Class: ClassName=ElekShemaRelais Member=Component R13 OnePR
Added Member To Class: ClassName=ElekShemaRelais Member=Component R14 OnePR
Added Member To Class: ClassName=ElekShemaRelais Member=Component R15 OnePR
Added Member To Class: ClassName=ElekShemaRelais Member=Component R16 OnePR
Added Member To Class: ClassName=ElekShemaRelais Member=Component R17 OnePR
Added Member To Class: ClassName=ElekShemaRelais Member=Component R18 OnePR
Added Member To Class: ClassName=ElekShemaRelais Member=Component R19 OnePR
Added Member To Class: ClassName=ElekShemaRelais Member=Component R21 TwoPR
Added Member To Class: ClassName=ElekShemaRelais Member=Component R22 TwoPR
Added Member To Class: ClassName=ElekShemaRelais Member=Component R110 OnePR
Added Member To Class: ClassName=ElekShemaRelais Member=Component R111 OnePR
Added Room: Name=ElekShemaRelais
